<?xml version="1.0" encoding="UTF-8"?>
<testng-results ignored="0" total="1" passed="1" failed="0" skipped="0">
  <reporter-output>
  </reporter-output>
  <suite started-at="2023-08-10T02:51:08 EEST" name="Default suite" finished-at="2023-08-10T02:51:11 EEST" duration-ms="2347">
    <groups>
    </groups>
    <test started-at="2023-08-10T02:51:08 EEST" name="Default test" finished-at="2023-08-10T02:51:11 EEST" duration-ms="2347">
      <class name="Tests_POST">
        <test-method signature="Test()[pri:0, instance:Tests_POST@f0da945]" started-at="2023-08-10T02:51:08 EEST" name="Test" finished-at="2023-08-10T02:51:11 EEST" duration-ms="2306" status="PASS">
          <reporter-output>
          </reporter-output>
        </test-method> <!-- Test -->
      </class> <!-- Tests_POST -->
    </test> <!-- Default test -->
  </suite> <!-- Default suite -->
</testng-results>
